G:\Avik\MVC\Resident\Resident\ScriptsProject\src\types\locale.js
G:\Avik\MVC\Resident\Resident\ScriptsProject\src\types\options.js
G:\Avik\MVC\Resident\Resident\ScriptsProject\src\utils\index.js
G:\Avik\MVC\Resident\Resident\ScriptsProject\src\utils\formatting.js
G:\Avik\MVC\Resident\Resident\ScriptsProject\src\types\instance.js
G:\Avik\MVC\Resident\Resident\ScriptsProject\src\l10n\default.js
G:\Avik\MVC\Resident\Resident\ScriptsProject\src\utils\dom.js
G:\Avik\MVC\Resident\Resident\ScriptsProject\src\utils\dates.js
G:\Avik\MVC\Resident\Resident\ScriptsProject\src\utils\polyfills.js
G:\Avik\MVC\Resident\Resident\ScriptsProject\src\index.js
G:\Avik\MVC\Resident\Resident\ScriptsProject\src\l10n\ar.js
G:\Avik\MVC\Resident\Resident\ScriptsProject\src\l10n\at.js
G:\Avik\MVC\Resident\Resident\ScriptsProject\src\l10n\az.js
G:\Avik\MVC\Resident\Resident\ScriptsProject\src\l10n\be.js
G:\Avik\MVC\Resident\Resident\ScriptsProject\src\l10n\bg.js
G:\Avik\MVC\Resident\Resident\ScriptsProject\src\l10n\bn.js
G:\Avik\MVC\Resident\Resident\ScriptsProject\src\l10n\bs.js
G:\Avik\MVC\Resident\Resident\ScriptsProject\src\l10n\cat.js
G:\Avik\MVC\Resident\Resident\ScriptsProject\src\l10n\cs.js
G:\Avik\MVC\Resident\Resident\ScriptsProject\src\l10n\cy.js
G:\Avik\MVC\Resident\Resident\ScriptsProject\src\l10n\da.js
G:\Avik\MVC\Resident\Resident\ScriptsProject\src\l10n\de.js
G:\Avik\MVC\Resident\Resident\ScriptsProject\src\l10n\eo.js
G:\Avik\MVC\Resident\Resident\ScriptsProject\src\l10n\es.js
G:\Avik\MVC\Resident\Resident\ScriptsProject\src\l10n\et.js
G:\Avik\MVC\Resident\Resident\ScriptsProject\src\l10n\fa.js
G:\Avik\MVC\Resident\Resident\ScriptsProject\src\l10n\fi.js
G:\Avik\MVC\Resident\Resident\ScriptsProject\src\l10n\fo.js
G:\Avik\MVC\Resident\Resident\ScriptsProject\src\l10n\fr.js
G:\Avik\MVC\Resident\Resident\ScriptsProject\src\l10n\ga.js
G:\Avik\MVC\Resident\Resident\ScriptsProject\src\l10n\gr.js
G:\Avik\MVC\Resident\Resident\ScriptsProject\src\l10n\he.js
G:\Avik\MVC\Resident\Resident\ScriptsProject\src\l10n\hi.js
G:\Avik\MVC\Resident\Resident\ScriptsProject\src\l10n\hr.js
G:\Avik\MVC\Resident\Resident\ScriptsProject\src\l10n\hu.js
G:\Avik\MVC\Resident\Resident\ScriptsProject\src\l10n\id.js
G:\Avik\MVC\Resident\Resident\ScriptsProject\src\l10n\is.js
G:\Avik\MVC\Resident\Resident\ScriptsProject\src\l10n\it.js
G:\Avik\MVC\Resident\Resident\ScriptsProject\src\l10n\ja.js
G:\Avik\MVC\Resident\Resident\ScriptsProject\src\l10n\ka.js
G:\Avik\MVC\Resident\Resident\ScriptsProject\src\l10n\ko.js
G:\Avik\MVC\Resident\Resident\ScriptsProject\src\l10n\km.js
G:\Avik\MVC\Resident\Resident\ScriptsProject\src\l10n\kz.js
G:\Avik\MVC\Resident\Resident\ScriptsProject\src\l10n\lt.js
G:\Avik\MVC\Resident\Resident\ScriptsProject\src\l10n\lv.js
G:\Avik\MVC\Resident\Resident\ScriptsProject\src\l10n\mk.js
G:\Avik\MVC\Resident\Resident\ScriptsProject\src\l10n\mn.js
G:\Avik\MVC\Resident\Resident\ScriptsProject\src\l10n\ms.js
G:\Avik\MVC\Resident\Resident\ScriptsProject\src\l10n\my.js
G:\Avik\MVC\Resident\Resident\ScriptsProject\src\l10n\nl.js
G:\Avik\MVC\Resident\Resident\ScriptsProject\src\l10n\no.js
G:\Avik\MVC\Resident\Resident\ScriptsProject\src\l10n\pa.js
G:\Avik\MVC\Resident\Resident\ScriptsProject\src\l10n\pl.js
G:\Avik\MVC\Resident\Resident\ScriptsProject\src\l10n\pt.js
G:\Avik\MVC\Resident\Resident\ScriptsProject\src\l10n\ro.js
G:\Avik\MVC\Resident\Resident\ScriptsProject\src\l10n\ru.js
G:\Avik\MVC\Resident\Resident\ScriptsProject\src\l10n\si.js
G:\Avik\MVC\Resident\Resident\ScriptsProject\src\l10n\sk.js
G:\Avik\MVC\Resident\Resident\ScriptsProject\src\l10n\sl.js
G:\Avik\MVC\Resident\Resident\ScriptsProject\src\l10n\sq.js
G:\Avik\MVC\Resident\Resident\ScriptsProject\src\l10n\sr.js
G:\Avik\MVC\Resident\Resident\ScriptsProject\src\l10n\sv.js
G:\Avik\MVC\Resident\Resident\ScriptsProject\src\l10n\th.js
G:\Avik\MVC\Resident\Resident\ScriptsProject\src\l10n\tr.js
G:\Avik\MVC\Resident\Resident\ScriptsProject\src\l10n\uk.js
G:\Avik\MVC\Resident\Resident\ScriptsProject\src\l10n\vn.js
G:\Avik\MVC\Resident\Resident\ScriptsProject\src\l10n\zh.js
G:\Avik\MVC\Resident\Resident\ScriptsProject\src\l10n\zh-tw.js
G:\Avik\MVC\Resident\Resident\ScriptsProject\src\l10n\index.js
G:\Avik\MVC\Resident\Resident\ScriptsProject\src\l10n\sr-cyr.js
G:\Avik\MVC\Resident\Resident\ScriptsProject\src\plugins\minMaxTimePlugin.js
G:\Avik\MVC\Resident\Resident\ScriptsProject\src\plugins\rangePlugin.js
G:\Avik\MVC\Resident\Resident\ScriptsProject\src\plugins\scrollPlugin.js
G:\Avik\MVC\Resident\Resident\ScriptsProject\src\types\globals.js
G:\Avik\MVC\Resident\Resident\ScriptsProject\src\__tests__\build.spec.js
G:\Avik\MVC\Resident\Resident\ScriptsProject\src\__tests__\hooks.spec.js
G:\Avik\MVC\Resident\Resident\ScriptsProject\src\plugins\confirmDate\confirmDate.js
G:\Avik\MVC\Resident\Resident\ScriptsProject\src\__tests__\index.spec.js
G:\Avik\MVC\Resident\Resident\ScriptsProject\src\__tests__\rangePlugin.spec.js
G:\Avik\MVC\Resident\Resident\ScriptsProject\src\__tests__\ssr.spec.js
G:\Avik\MVC\Resident\Resident\ScriptsProject\src\plugins\labelPlugin\labelPlugin.js
G:\Avik\MVC\Resident\Resident\ScriptsProject\src\plugins\monthSelect\index.js
G:\Avik\MVC\Resident\Resident\ScriptsProject\src\plugins\monthSelect\tests.spec.js
G:\Avik\MVC\Resident\Resident\ScriptsProject\src\plugins\weekSelect\weekSelect.js
